# JRE version: OpenJDK Runtime Environment (8.0_131-b11) (build 1.8.0_131-8u131-b11-2ubuntu1.16.04.3-b11)
# Java VM: OpenJDK 64-Bit Server VM (25.131-b11 mixed mode linux-amd64 compressed oops)
Heap:
 PSYoungGen      total 92160K, used 28601K [0x00000000f8000000, 0x00000000fe400000, 0x0000000100000000)
  eden space 82944K, 34% used [0x00000000f8000000,0x00000000f9bee670,0x00000000fd100000)
  from space 9216K, 0% used [0x00000000fdb00000,0x00000000fdb00000,0x00000000fe400000)
  to   space 9728K, 0% used [0x00000000fd100000,0x00000000fd100000,0x00000000fda80000)
 ParOldGen       total 45568K, used 21375K [0x00000000e8000000, 0x00000000eac80000, 0x00000000f8000000)
  object space 45568K, 46% used [0x00000000e8000000,0x00000000e94dff60,0x00000000eac80000)
 Metaspace       used 58431K, capacity 61700K, committed 61872K, reserved 1103872K
  class space    used 6694K, capacity 7541K, committed 7600K, reserved 1048576K
GC Heap History (10 events):
Event: 1251,405 GC heap before
{Heap before GC invocations=54 (full 22):
 PSYoungGen      total 92672K, used 246K [0x00000000f8000000, 0x00000000fe600000, 0x0000000100000000)
  eden space 82944K, 0% used [0x00000000f8000000,0x00000000f8000000,0x00000000fd100000)
  from space 9728K, 2% used [0x00000000fdc80000,0x00000000fdcbd880,0x00000000fe600000)
  to   space 10752K, 0% used [0x00000000fd100000,0x00000000fd100000,0x00000000fdb80000)
 ParOldGen       total 45568K, used 21350K [0x00000000e8000000, 0x00000000eac80000, 0x00000000f8000000)
  object space 45568K, 46% used [0x00000000e8000000,0x00000000e94d9b70,0x00000000eac80000)
 Metaspace       used 58127K, capacity 61374K, committed 61616K, reserved 1103872K
  class space    used 6688K, capacity 7540K, committed 7600K, reserved 1048576K
Event: 1251,502 GC heap after
Heap after GC invocations=54 (full 22):
 PSYoungGen      total 92672K, used 0K [0x00000000f8000000, 0x00000000fe600000, 0x0000000100000000)
  eden space 82944K, 0% used [0x00000000f8000000,0x00000000f8000000,0x00000000fd100000)
  from space 9728K, 0% used [0x00000000fdc80000,0x00000000fdc80000,0x00000000fe600000)
  to   space 10752K, 0% used [0x00000000fd100000,0x00000000fd100000,0x00000000fdb80000)
 ParOldGen       total 45568K, used 21494K [0x00000000e8000000, 0x00000000eac80000, 0x00000000f8000000)
  object space 45568K, 47% used [0x00000000e8000000,0x00000000e94fd938,0x00000000eac80000)
 Metaspace       used 58127K, capacity 61374K, committed 61616K, reserved 1103872K
  class space    used 6688K, capacity 7540K, committed 7600K, reserved 1048576K
}
Event: 1311,400 GC heap before
{Heap before GC invocations=55 (full 22):
 PSYoungGen      total 92672K, used 777K [0x00000000f8000000, 0x00000000fe600000, 0x0000000100000000)
  eden space 82944K, 0% used [0x00000000f8000000,0x00000000f80c2728,0x00000000fd100000)
  from space 9728K, 0% used [0x00000000fdc80000,0x00000000fdc80000,0x00000000fe600000)
  to   space 10752K, 0% used [0x00000000fd100000,0x00000000fd100000,0x00000000fdb80000)
 ParOldGen       total 45568K, used 21494K [0x00000000e8000000, 0x00000000eac80000, 0x00000000f8000000)
  object space 45568K, 47% used [0x00000000e8000000,0x00000000e94fd938,0x00000000eac80000)
 Metaspace       used 58127K, capacity 61374K, committed 61616K, reserved 1103872K
  class space    used 6688K, capacity 7540K, committed 7600K, reserved 1048576K
Event: 1311,404 GC heap after
Heap after GC invocations=55 (full 22):
 PSYoungGen      total 83456K, used 64K [0x00000000f8000000, 0x00000000fe500000, 0x0000000100000000)
  eden space 82944K, 0% used [0x00000000f8000000,0x00000000f8000000,0x00000000fd100000)
  from space 512K, 12% used [0x00000000fd100000,0x00000000fd110000,0x00000000fd180000)
  to   space 10240K, 0% used [0x00000000fdb00000,0x00000000fdb00000,0x00000000fe500000)
 ParOldGen       total 45568K, used 21494K [0x00000000e8000000, 0x00000000eac80000, 0x00000000f8000000)
  object space 45568K, 47% used [0x00000000e8000000,0x00000000e94fd938,0x00000000eac80000)
 Metaspace       used 58127K, capacity 61374K, committed 61616K, reserved 1103872K
  class space    used 6688K, capacity 7540K, committed 7600K, reserved 1048576K
}
Event: 1311,404 GC heap before
{Heap before GC invocations=56 (full 23):
 PSYoungGen      total 83456K, used 64K [0x00000000f8000000, 0x00000000fe500000, 0x0000000100000000)
  eden space 82944K, 0% used [0x00000000f8000000,0x00000000f8000000,0x00000000fd100000)
  from space 512K, 12% used [0x00000000fd100000,0x00000000fd110000,0x00000000fd180000)
  to   space 10240K, 0% used [0x00000000fdb00000,0x00000000fdb00000,0x00000000fe500000)
 ParOldGen       total 45568K, used 21494K [0x00000000e8000000, 0x00000000eac80000, 0x00000000f8000000)
  object space 45568K, 47% used [0x00000000e8000000,0x00000000e94fd938,0x00000000eac80000)
 Metaspace       used 58127K, capacity 61374K, committed 61616K, reserved 1103872K
  class space    used 6688K, capacity 7540K, committed 7600K, reserved 1048576K
Event: 1311,457 GC heap after
Heap after GC invocations=56 (full 23):
 PSYoungGen      total 83456K, used 0K [0x00000000f8000000, 0x00000000fe500000, 0x0000000100000000)
  eden space 82944K, 0% used [0x00000000f8000000,0x00000000f8000000,0x00000000fd100000)
  from space 512K, 0% used [0x00000000fd100000,0x00000000fd100000,0x00000000fd180000)
  to   space 10240K, 0% used [0x00000000fdb00000,0x00000000fdb00000,0x00000000fe500000)
 ParOldGen       total 45568K, used 21375K [0x00000000e8000000, 0x00000000eac80000, 0x00000000f8000000)
  object space 45568K, 46% used [0x00000000e8000000,0x00000000e94dff60,0x00000000eac80000)
 Metaspace       used 58127K, capacity 61374K, committed 61616K, reserved 1103872K
  class space    used 6688K, capacity 7540K, committed 7600K, reserved 1048576K
}
Event: 1371,400 GC heap before
{Heap before GC invocations=57 (full 23):
 PSYoungGen      total 83456K, used 1330K [0x00000000f8000000, 0x00000000fe500000, 0x0000000100000000)
  eden space 82944K, 1% used [0x00000000f8000000,0x00000000f814cb18,0x00000000fd100000)
  from space 512K, 0% used [0x00000000fd100000,0x00000000fd100000,0x00000000fd180000)
  to   space 10240K, 0% used [0x00000000fdb00000,0x00000000fdb00000,0x00000000fe500000)
 ParOldGen       total 45568K, used 21375K [0x00000000e8000000, 0x00000000eac80000, 0x00000000f8000000)
  object space 45568K, 46% used [0x00000000e8000000,0x00000000e94dff60,0x00000000eac80000)
 Metaspace       used 58127K, capacity 61374K, committed 61616K, reserved 1103872K
  class space    used 6688K, capacity 7540K, committed 7600K, reserved 1048576K
Event: 1371,407 GC heap after
Heap after GC invocations=57 (full 23):
 PSYoungGen      total 92160K, used 64K [0x00000000f8000000, 0x00000000fe400000, 0x0000000100000000)
  eden space 82944K, 0% used [0x00000000f8000000,0x00000000f8000000,0x00000000fd100000)
  from space 9216K, 0% used [0x00000000fdb00000,0x00000000fdb10000,0x00000000fe400000)
  to   space 9728K, 0% used [0x00000000fd100000,0x00000000fd100000,0x00000000fda80000)
 ParOldGen       total 45568K, used 21375K [0x00000000e8000000, 0x00000000eac80000, 0x00000000f8000000)
  object space 45568K, 46% used [0x00000000e8000000,0x00000000e94dff60,0x00000000eac80000)
 Metaspace       used 58127K, capacity 61374K, committed 61616K, reserved 1103872K
  class space    used 6688K, capacity 7540K, committed 7600K, reserved 1048576K
}
Event: 1371,407 GC heap before
{Heap before GC invocations=58 (full 24):
 PSYoungGen      total 92160K, used 64K [0x00000000f8000000, 0x00000000fe400000, 0x0000000100000000)
  eden space 82944K, 0% used [0x00000000f8000000,0x00000000f8000000,0x00000000fd100000)
  from space 9216K, 0% used [0x00000000fdb00000,0x00000000fdb10000,0x00000000fe400000)
  to   space 9728K, 0% used [0x00000000fd100000,0x00000000fd100000,0x00000000fda80000)
 ParOldGen       total 45568K, used 21375K [0x00000000e8000000, 0x00000000eac80000, 0x00000000f8000000)
  object space 45568K, 46% used [0x00000000e8000000,0x00000000e94dff60,0x00000000eac80000)
 Metaspace       used 58127K, capacity 61374K, committed 61616K, reserved 1103872K
  class space    used 6688K, capacity 7540K, committed 7600K, reserved 1048576K
Event: 1371,458 GC heap after
Heap after GC invocations=58 (full 24):
 PSYoungGen      total 92160K, used 0K [0x00000000f8000000, 0x00000000fe400000, 0x0000000100000000)
  eden space 82944K, 0% used [0x00000000f8000000,0x00000000f8000000,0x00000000fd100000)
  from space 9216K, 0% used [0x00000000fdb00000,0x00000000fdb00000,0x00000000fe400000)
  to   space 9728K, 0% used [0x00000000fd100000,0x00000000fd100000,0x00000000fda80000)
 ParOldGen       total 45568K, used 21375K [0x00000000e8000000, 0x00000000eac80000, 0x00000000f8000000)
  object space 45568K, 46% used [0x00000000e8000000,0x00000000e94dff60,0x00000000eac80000)
 Metaspace       used 58127K, capacity 61374K, committed 61616K, reserved 1103872K
  class space    used 6688K, capacity 7540K, committed 7600K, reserved 1048576K
}

