# JRE version: OpenJDK Runtime Environment (8.0_131-b11) (build 1.8.0_131-8u131-b11-2ubuntu1.16.04.3-b11)
# Java VM: OpenJDK 64-Bit Server VM (25.131-b11 mixed mode linux-amd64 compressed oops)
Heap:
 PSYoungGen      total 119296K, used 7480K [0x00000000f8000000, 0x0000000100000000, 0x0000000100000000)
  eden space 108032K, 6% used [0x00000000f8000000,0x00000000f874e108,0x00000000fe980000)
  from space 11264K, 0% used [0x00000000fe980000,0x00000000fe980000,0x00000000ff480000)
  to   space 10752K, 0% used [0x00000000ff580000,0x00000000ff580000,0x0000000100000000)
 ParOldGen       total 68096K, used 25192K [0x00000000e8000000, 0x00000000ec280000, 0x00000000f8000000)
  object space 68096K, 36% used [0x00000000e8000000,0x00000000e989a0f0,0x00000000ec280000)
 Metaspace       used 65982K, capacity 69360K, committed 69424K, reserved 1110016K
  class space    used 7264K, capacity 8230K, committed 8240K, reserved 1048576K
GC Heap History (10 events):
Event: 5502,486 GC heap before
{Heap before GC invocations=55 (full 16):
 PSYoungGen      total 118272K, used 624K [0x00000000f8000000, 0x0000000100000000, 0x0000000100000000)
  eden space 105984K, 0% used [0x00000000f8000000,0x00000000f8000000,0x00000000fe780000)
  from space 12288K, 5% used [0x00000000fe780000,0x00000000fe81c010,0x00000000ff380000)
  to   space 11776K, 0% used [0x00000000ff480000,0x00000000ff480000,0x0000000100000000)
 ParOldGen       total 68096K, used 25735K [0x00000000e8000000, 0x00000000ec280000, 0x00000000f8000000)
  object space 68096K, 37% used [0x00000000e8000000,0x00000000e9921ed8,0x00000000ec280000)
 Metaspace       used 65452K, capacity 68846K, committed 69040K, reserved 1110016K
  class space    used 7217K, capacity 8100K, committed 8112K, reserved 1048576K
Event: 5502,596 GC heap after
Heap after GC invocations=55 (full 16):
 PSYoungGen      total 118272K, used 0K [0x00000000f8000000, 0x0000000100000000, 0x0000000100000000)
  eden space 105984K, 0% used [0x00000000f8000000,0x00000000f8000000,0x00000000fe780000)
  from space 12288K, 0% used [0x00000000fe780000,0x00000000fe780000,0x00000000ff380000)
  to   space 11776K, 0% used [0x00000000ff480000,0x00000000ff480000,0x0000000100000000)
 ParOldGen       total 68096K, used 25632K [0x00000000e8000000, 0x00000000ec280000, 0x00000000f8000000)
  object space 68096K, 37% used [0x00000000e8000000,0x00000000e9908150,0x00000000ec280000)
 Metaspace       used 65452K, capacity 68846K, committed 69040K, reserved 1110016K
  class space    used 7217K, capacity 8100K, committed 8112K, reserved 1048576K
}
Event: 5564,659 GC heap before
{Heap before GC invocations=56 (full 16):
 PSYoungGen      total 118272K, used 8571K [0x00000000f8000000, 0x0000000100000000, 0x0000000100000000)
  eden space 105984K, 8% used [0x00000000f8000000,0x00000000f885ef38,0x00000000fe780000)
  from space 12288K, 0% used [0x00000000fe780000,0x00000000fe780000,0x00000000ff380000)
  to   space 11776K, 0% used [0x00000000ff480000,0x00000000ff480000,0x0000000100000000)
 ParOldGen       total 68096K, used 25632K [0x00000000e8000000, 0x00000000ec280000, 0x00000000f8000000)
  object space 68096K, 37% used [0x00000000e8000000,0x00000000e9908150,0x00000000ec280000)
 Metaspace       used 65851K, capacity 69232K, committed 69424K, reserved 1110016K
  class space    used 7264K, capacity 8230K, committed 8240K, reserved 1048576K
Event: 5564,665 GC heap after
Heap after GC invocations=56 (full 16):
 PSYoungGen      total 119808K, used 1078K [0x00000000f8000000, 0x0000000100000000, 0x0000000100000000)
  eden space 108032K, 0% used [0x00000000f8000000,0x00000000f8000000,0x00000000fe980000)
  from space 11776K, 9% used [0x00000000ff480000,0x00000000ff58da28,0x0000000100000000)
  to   space 11264K, 0% used [0x00000000fe980000,0x00000000fe980000,0x00000000ff480000)
 ParOldGen       total 68096K, used 25632K [0x00000000e8000000, 0x00000000ec280000, 0x00000000f8000000)
  object space 68096K, 37% used [0x00000000e8000000,0x00000000e9908150,0x00000000ec280000)
 Metaspace       used 65851K, capacity 69232K, committed 69424K, reserved 1110016K
  class space    used 7264K, capacity 8230K, committed 8240K, reserved 1048576K
}
Event: 5564,665 GC heap before
{Heap before GC invocations=57 (full 17):
 PSYoungGen      total 119808K, used 1078K [0x00000000f8000000, 0x0000000100000000, 0x0000000100000000)
  eden space 108032K, 0% used [0x00000000f8000000,0x00000000f8000000,0x00000000fe980000)
  from space 11776K, 9% used [0x00000000ff480000,0x00000000ff58da28,0x0000000100000000)
  to   space 11264K, 0% used [0x00000000fe980000,0x00000000fe980000,0x00000000ff480000)
 ParOldGen       total 68096K, used 25632K [0x00000000e8000000, 0x00000000ec280000, 0x00000000f8000000)
  object space 68096K, 37% used [0x00000000e8000000,0x00000000e9908150,0x00000000ec280000)
 Metaspace       used 65851K, capacity 69232K, committed 69424K, reserved 1110016K
  class space    used 7264K, capacity 8230K, committed 8240K, reserved 1048576K
Event: 5564,785 GC heap after
Heap after GC invocations=57 (full 17):
 PSYoungGen      total 119808K, used 0K [0x00000000f8000000, 0x0000000100000000, 0x0000000100000000)
  eden space 108032K, 0% used [0x00000000f8000000,0x00000000f8000000,0x00000000fe980000)
  from space 11776K, 0% used [0x00000000ff480000,0x00000000ff480000,0x0000000100000000)
  to   space 11264K, 0% used [0x00000000fe980000,0x00000000fe980000,0x00000000ff480000)
 ParOldGen       total 68096K, used 26180K [0x00000000e8000000, 0x00000000ec280000, 0x00000000f8000000)
  object space 68096K, 38% used [0x00000000e8000000,0x00000000e9991200,0x00000000ec280000)
 Metaspace       used 65851K, capacity 69232K, committed 69424K, reserved 1110016K
  class space    used 7264K, capacity 8230K, committed 8240K, reserved 1048576K
}
Event: 5624,654 GC heap before
{Heap before GC invocations=58 (full 17):
 PSYoungGen      total 119808K, used 16586K [0x00000000f8000000, 0x0000000100000000, 0x0000000100000000)
  eden space 108032K, 15% used [0x00000000f8000000,0x00000000f9032a88,0x00000000fe980000)
  from space 11776K, 0% used [0x00000000ff480000,0x00000000ff480000,0x0000000100000000)
  to   space 11264K, 0% used [0x00000000fe980000,0x00000000fe980000,0x00000000ff480000)
 ParOldGen       total 68096K, used 26180K [0x00000000e8000000, 0x00000000ec280000, 0x00000000f8000000)
  object space 68096K, 38% used [0x00000000e8000000,0x00000000e9991200,0x00000000ec280000)
 Metaspace       used 65936K, capacity 69360K, committed 69424K, reserved 1110016K
  class space    used 7264K, capacity 8230K, committed 8240K, reserved 1048576K
Event: 5624,661 GC heap after
Heap after GC invocations=58 (full 17):
 PSYoungGen      total 119296K, used 704K [0x00000000f8000000, 0x0000000100000000, 0x0000000100000000)
  eden space 108032K, 0% used [0x00000000f8000000,0x00000000f8000000,0x00000000fe980000)
  from space 11264K, 6% used [0x00000000fe980000,0x00000000fea30020,0x00000000ff480000)
  to   space 10752K, 0% used [0x00000000ff580000,0x00000000ff580000,0x0000000100000000)
 ParOldGen       total 68096K, used 26180K [0x00000000e8000000, 0x00000000ec280000, 0x00000000f8000000)
  object space 68096K, 38% used [0x00000000e8000000,0x00000000e9991200,0x00000000ec280000)
 Metaspace       used 65936K, capacity 69360K, committed 69424K, reserved 1110016K
  class space    used 7264K, capacity 8230K, committed 8240K, reserved 1048576K
}
Event: 5624,661 GC heap before
{Heap before GC invocations=59 (full 18):
 PSYoungGen      total 119296K, used 704K [0x00000000f8000000, 0x0000000100000000, 0x0000000100000000)
  eden space 108032K, 0% used [0x00000000f8000000,0x00000000f8000000,0x00000000fe980000)
  from space 11264K, 6% used [0x00000000fe980000,0x00000000fea30020,0x00000000ff480000)
  to   space 10752K, 0% used [0x00000000ff580000,0x00000000ff580000,0x0000000100000000)
 ParOldGen       total 68096K, used 26180K [0x00000000e8000000, 0x00000000ec280000, 0x00000000f8000000)
  object space 68096K, 38% used [0x00000000e8000000,0x00000000e9991200,0x00000000ec280000)
 Metaspace       used 65936K, capacity 69360K, committed 69424K, reserved 1110016K
  class space    used 7264K, capacity 8230K, committed 8240K, reserved 1048576K
Event: 5624,766 GC heap after
Heap after GC invocations=59 (full 18):
 PSYoungGen      total 119296K, used 0K [0x00000000f8000000, 0x0000000100000000, 0x0000000100000000)
  eden space 108032K, 0% used [0x00000000f8000000,0x00000000f8000000,0x00000000fe980000)
  from space 11264K, 0% used [0x00000000fe980000,0x00000000fe980000,0x00000000ff480000)
  to   space 10752K, 0% used [0x00000000ff580000,0x00000000ff580000,0x0000000100000000)
 ParOldGen       total 68096K, used 25192K [0x00000000e8000000, 0x00000000ec280000, 0x00000000f8000000)
  object space 68096K, 36% used [0x00000000e8000000,0x00000000e989a0f0,0x00000000ec280000)
 Metaspace       used 65936K, capacity 69360K, committed 69424K, reserved 1110016K
  class space    used 7264K, capacity 8230K, committed 8240K, reserved 1048576K
}

